[     207ms] TypeError: this._cancelResize is not a function
    at _Application.destroy (http://localhost:5173/node_modules/.vite/deps/pixi__js.js?v=e6ea9236:1523:8)
    at http://localhost:5173/node_modules/.vite/deps/pixi__js.js?v=e6ea9236:1764:19
    at Array.forEach (<anonymous>)
    at _Application.destroy (http://localhost:5173/node_modules/.vite/deps/pixi__js.js?v=e6ea9236:1763:11)
    at WorldRenderer.destroy (http://localhost:5173/src/renderer/WorldRenderer.ts?t=1773482475658:173:12)
    at http://localhost:5173/src/App.tsx?t=1773482475658:61:13
    at Object.react_stack_bottom_frame (http://localhost:5173/node_modules/.vite/deps/react-dom_client.js?v=bcdaa024:12908:5)
    at runWithFiberInDEV (http://localhost:5173/node_modules/.vite/deps/react-dom_client.js?v=bcdaa024:851:66)
    at commitHookEffectListUnmount (http://localhost:5173/node_modules/.vite/deps/react-dom_client.js?v=bcdaa024:6642:149)
    at commitHookPassiveUnmountEffects (http://localhost:5173/node_modules/.vite/deps/react-dom_client.js?v=bcdaa024:6655:55)
[     204ms] [WARNING] %s

%s
 An error occurred in the <App> component. Consider adding an error boundary to your tree to customize error handling behavior.
Visit https://react.dev/link/error-boundaries to learn more about error boundaries. @ http://localhost:5173/@vite/client:509
[     211ms] TypeError: this._cancelResize is not a function
    at _Application.destroy (http://localhost:5173/node_modules/.vite/deps/pixi__js.js?v=e6ea9236:1523:8)
    at http://localhost:5173/node_modules/.vite/deps/pixi__js.js?v=e6ea9236:1764:19
    at Array.forEach (<anonymous>)
    at _Application.destroy (http://localhost:5173/node_modules/.vite/deps/pixi__js.js?v=e6ea9236:1763:11)
    at WorldRenderer.destroy (http://localhost:5173/src/renderer/WorldRenderer.ts?t=1773482475658:173:12)
    at http://localhost:5173/src/App.tsx?t=1773482475658:61:13
    at Object.react_stack_bottom_frame (http://localhost:5173/node_modules/.vite/deps/react-dom_client.js?v=bcdaa024:12908:5)
    at runWithFiberInDEV (http://localhost:5173/node_modules/.vite/deps/react-dom_client.js?v=bcdaa024:851:66)
    at commitHookEffectListUnmount (http://localhost:5173/node_modules/.vite/deps/react-dom_client.js?v=bcdaa024:6642:149)
    at commitHookPassiveUnmountEffects (http://localhost:5173/node_modules/.vite/deps/react-dom_client.js?v=bcdaa024:6655:55)
[     206ms] [WARNING] %s

%s
 An error occurred in the <App> component. Consider adding an error boundary to your tree to customize error handling behavior.
Visit https://react.dev/link/error-boundaries to learn more about error boundaries. @ http://localhost:5173/@vite/client:509
[   14146ms] TypeError: this._cancelResize is not a function
    at _Application.destroy (http://localhost:5173/node_modules/.vite/deps/pixi__js.js?v=e6ea9236:1523:8)
    at http://localhost:5173/node_modules/.vite/deps/pixi__js.js?v=e6ea9236:1764:19
    at Array.forEach (<anonymous>)
    at _Application.destroy (http://localhost:5173/node_modules/.vite/deps/pixi__js.js?v=e6ea9236:1763:11)
    at WorldRenderer.destroy (http://localhost:5173/src/renderer/WorldRenderer.ts?t=1773482531015:185:12)
    at http://localhost:5173/src/App.tsx?t=1773482531015:61:13
    at Object.react_stack_bottom_frame (http://localhost:5173/node_modules/.vite/deps/react-dom_client.js?v=bcdaa024:12908:5)
    at runWithFiberInDEV (http://localhost:5173/node_modules/.vite/deps/react-dom_client.js?v=bcdaa024:851:66)
    at commitHookEffectListUnmount (http://localhost:5173/node_modules/.vite/deps/react-dom_client.js?v=bcdaa024:6642:149)
    at commitHookPassiveUnmountEffects (http://localhost:5173/node_modules/.vite/deps/react-dom_client.js?v=bcdaa024:6655:55)
[   14146ms] [WARNING] %s

%s
 An error occurred in the <App> component. Consider adding an error boundary to your tree to customize error handling behavior.
Visit https://react.dev/link/error-boundaries to learn more about error boundaries. @ http://localhost:5173/@vite/client:509
[   14148ms] TypeError: this._cancelResize is not a function
    at _Application.destroy (http://localhost:5173/node_modules/.vite/deps/pixi__js.js?v=e6ea9236:1523:8)
    at http://localhost:5173/node_modules/.vite/deps/pixi__js.js?v=e6ea9236:1764:19
    at Array.forEach (<anonymous>)
    at _Application.destroy (http://localhost:5173/node_modules/.vite/deps/pixi__js.js?v=e6ea9236:1763:11)
    at WorldRenderer.destroy (http://localhost:5173/src/renderer/WorldRenderer.ts?t=1773482531015:185:12)
    at http://localhost:5173/src/App.tsx?t=1773482531015:61:13
    at Object.react_stack_bottom_frame (http://localhost:5173/node_modules/.vite/deps/react-dom_client.js?v=bcdaa024:12908:5)
    at runWithFiberInDEV (http://localhost:5173/node_modules/.vite/deps/react-dom_client.js?v=bcdaa024:851:66)
    at commitHookEffectListUnmount (http://localhost:5173/node_modules/.vite/deps/react-dom_client.js?v=bcdaa024:6642:149)
    at commitHookPassiveUnmountEffects (http://localhost:5173/node_modules/.vite/deps/react-dom_client.js?v=bcdaa024:6655:55)
[   14146ms] [WARNING] %s

%s
 An error occurred in the <App> component. Consider adding an error boundary to your tree to customize error handling behavior.
Visit https://react.dev/link/error-boundaries to learn more about error boundaries. @ http://localhost:5173/@vite/client:509
